<?xml version="1.0" encoding="UTF-8"?>
<testng-results skipped="0" failed="0" ignored="3" total="5" passed="2">
  <reporter-output>
    <line>
      <![CDATA[Click on Bank Manager Login Button[[ChromeDriver: chrome on WINDOWS (e5d8d7749bf3422ac13c4accda9db2e4)] -> xpath: //button[contains(text(),'Bank Manager Login')]]]]>
    </line>
    <line>
      <![CDATA[Click on Add Customer Button[[ChromeDriver: chrome on WINDOWS (e5d8d7749bf3422ac13c4accda9db2e4)] -> xpath: //body/div[3]/div[1]/div[2]/div[1]/div[1]/button[1]]]]>
    </line>
    <line>
      <![CDATA[Send First Name [[ChromeDriver: chrome on WINDOWS (e5d8d7749bf3422ac13c4accda9db2e4)] -> xpath: //input[@placeholder='First Name']] To First Name Field[[ChromeDriver: chrome on WINDOWS (e5d8d7749bf3422ac13c4accda9db2e4)] -> xpath: //input[@placeholder='First Name']]]]>
    </line>
    <line>
      <![CDATA[Send Last Name [[ChromeDriver: chrome on WINDOWS (e5d8d7749bf3422ac13c4accda9db2e4)] -> xpath: //input[@placeholder='Last Name']] To Last Name Field[[ChromeDriver: chrome on WINDOWS (e5d8d7749bf3422ac13c4accda9db2e4)] -> xpath: //input[@placeholder='Last Name']]]]>
    </line>
    <line>
      <![CDATA[Send Postcode[[ChromeDriver: chrome on WINDOWS (e5d8d7749bf3422ac13c4accda9db2e4)] -> xpath: //input[@placeholder='Post Code']] To Postcode Field[[ChromeDriver: chrome on WINDOWS (e5d8d7749bf3422ac13c4accda9db2e4)] -> xpath: //input[@placeholder='Post Code']]]]>
    </line>
    <line>
      <![CDATA[Click on Add Customer Button [[ChromeDriver: chrome on WINDOWS (e5d8d7749bf3422ac13c4accda9db2e4)] -> xpath: //button[@type='submit']]]]>
    </line>
    <line>
      <![CDATA[Get Text From Popup : Customer added successfully with customer id :6]]>
    </line>
    <line>
      <![CDATA[Accept Popup]]>
    </line>
    <line>
      <![CDATA[Click on Home Button[[ChromeDriver: chrome on WINDOWS (e5d8d7749bf3422ac13c4accda9db2e4)] -> xpath: //button[contains(text(),'Home')]]]]>
    </line>
    <line>
      <![CDATA[Click on Bank Manager Login Button [[ChromeDriver: chrome on WINDOWS (e5d8d7749bf3422ac13c4accda9db2e4)] -> xpath: //button[contains(text(),'Bank Manager Login')]]]]>
    </line>
    <line>
      <![CDATA[Click on Open Account Button [[ChromeDriver: chrome on WINDOWS (e5d8d7749bf3422ac13c4accda9db2e4)] -> xpath: //button[@ng-click='openAccount()']]]]>
    </line>
    <line>
      <![CDATA[Search Customer : Jethalal Gada]]>
    </line>
    <line>
      <![CDATA[Select Currency : Pound]]>
    </line>
    <line>
      <![CDATA[Click on Process Button]]>
    </line>
    <line>
      <![CDATA[Get Text From Popup : Account created successfully with account Number :1016]]>
    </line>
    <line>
      <![CDATA[Accept Popup]]>
    </line>
    <line>
      <![CDATA[Click on Home Button[[ChromeDriver: chrome on WINDOWS (e5d8d7749bf3422ac13c4accda9db2e4)] -> xpath: //button[contains(text(),'Home')]]]]>
    </line>
    <line>
      <![CDATA[Click on Customer Login Button [[ChromeDriver: chrome on WINDOWS (e5d8d7749bf3422ac13c4accda9db2e4)] -> xpath: //button[contains(text(),'Customer Login')]]]]>
    </line>
    <line>
      <![CDATA[Select Customer from dropdown menu]]>
    </line>
    <line>
      <![CDATA[Click on Login Button [[ChromeDriver: chrome on WINDOWS (e5d8d7749bf3422ac13c4accda9db2e4)] -> xpath: //button[contains(text(),'Login')]]]]>
    </line>
    <line>
      <![CDATA[To Verify Logout Button ]]>
    </line>
    <line>
      <![CDATA[Click on Logout Button[[ChromeDriver: chrome on WINDOWS (e5d8d7749bf3422ac13c4accda9db2e4)] -> xpath: //button[contains(text(),'Logout')]]]]>
    </line>
    <line>
      <![CDATA[To Verify Message  Your Name]]>
    </line>
    <line>
      <![CDATA[To obtain actual Message  Your Name :]]>
    </line>
    <line>
      <![CDATA[Click on Home Button[[ChromeDriver: chrome on WINDOWS (e5d8d7749bf3422ac13c4accda9db2e4)] -> xpath: //button[contains(text(),'Home')]]]]>
    </line>
    <line>
      <![CDATA[Click on Customer Login Button [[ChromeDriver: chrome on WINDOWS (e5d8d7749bf3422ac13c4accda9db2e4)] -> xpath: //button[contains(text(),'Customer Login')]]]]>
    </line>
    <line>
      <![CDATA[Select Customer from dropdown menu]]>
    </line>
    <line>
      <![CDATA[Click on Login Button [[ChromeDriver: chrome on WINDOWS (e5d8d7749bf3422ac13c4accda9db2e4)] -> xpath: //button[contains(text(),'Login')]]]]>
    </line>
    <line>
      <![CDATA[Click on Deposit Tab[[ChromeDriver: chrome on WINDOWS (e5d8d7749bf3422ac13c4accda9db2e4)] -> xpath: //button[normalize-space()='Deposit']]]]>
    </line>
    <line>
      <![CDATA[Enter 100 Amount to Amount Field[[ChromeDriver: chrome on WINDOWS (e5d8d7749bf3422ac13c4accda9db2e4)] -> xpath: //input[@placeholder='amount']]]]>
    </line>
    <line>
      <![CDATA[Click on Deposit Button[[ChromeDriver: chrome on WINDOWS (e5d8d7749bf3422ac13c4accda9db2e4)] -> xpath: //button[@type='submit']]]]>
    </line>
    <line>
      <![CDATA[To Verify Message  Deposit Successful]]>
    </line>
    <line>
      <![CDATA[To obtain actual Message  Deposit Successful]]>
    </line>
    <line>
      <![CDATA[Click on Bank Manager Login Button[[ChromeDriver: chrome on WINDOWS (99ed338b45f0e61266f30905d9a2c64c)] -> xpath: //button[contains(text(),'Bank Manager Login')]]]]>
    </line>
    <line>
      <![CDATA[Click on Add Customer Button[[ChromeDriver: chrome on WINDOWS (99ed338b45f0e61266f30905d9a2c64c)] -> xpath: //body/div[3]/div[1]/div[2]/div[1]/div[1]/button[1]]]]>
    </line>
    <line>
      <![CDATA[Send First Name [[ChromeDriver: chrome on WINDOWS (99ed338b45f0e61266f30905d9a2c64c)] -> xpath: //input[@placeholder='First Name']] To First Name Field[[ChromeDriver: chrome on WINDOWS (99ed338b45f0e61266f30905d9a2c64c)] -> xpath: //input[@placeholder='First Name']]]]>
    </line>
    <line>
      <![CDATA[Send Last Name [[ChromeDriver: chrome on WINDOWS (99ed338b45f0e61266f30905d9a2c64c)] -> xpath: //input[@placeholder='Last Name']] To Last Name Field[[ChromeDriver: chrome on WINDOWS (99ed338b45f0e61266f30905d9a2c64c)] -> xpath: //input[@placeholder='Last Name']]]]>
    </line>
    <line>
      <![CDATA[Send Postcode[[ChromeDriver: chrome on WINDOWS (99ed338b45f0e61266f30905d9a2c64c)] -> xpath: //input[@placeholder='Post Code']] To Postcode Field[[ChromeDriver: chrome on WINDOWS (99ed338b45f0e61266f30905d9a2c64c)] -> xpath: //input[@placeholder='Post Code']]]]>
    </line>
    <line>
      <![CDATA[Click on Add Customer Button [[ChromeDriver: chrome on WINDOWS (99ed338b45f0e61266f30905d9a2c64c)] -> xpath: //button[@type='submit']]]]>
    </line>
    <line>
      <![CDATA[Get Text From Popup : Customer added successfully with customer id :6]]>
    </line>
    <line>
      <![CDATA[Accept Popup]]>
    </line>
    <line>
      <![CDATA[Click on Home Button[[ChromeDriver: chrome on WINDOWS (99ed338b45f0e61266f30905d9a2c64c)] -> xpath: //button[contains(text(),'Home')]]]]>
    </line>
    <line>
      <![CDATA[Click on Bank Manager Login Button [[ChromeDriver: chrome on WINDOWS (99ed338b45f0e61266f30905d9a2c64c)] -> xpath: //button[contains(text(),'Bank Manager Login')]]]]>
    </line>
    <line>
      <![CDATA[Click on Open Account Button [[ChromeDriver: chrome on WINDOWS (99ed338b45f0e61266f30905d9a2c64c)] -> xpath: //button[@ng-click='openAccount()']]]]>
    </line>
    <line>
      <![CDATA[Search Customer : Jethalal Gada]]>
    </line>
    <line>
      <![CDATA[Select Currency : Pound]]>
    </line>
    <line>
      <![CDATA[Click on Process Button]]>
    </line>
    <line>
      <![CDATA[Get Text From Popup : Account created successfully with account Number :1016]]>
    </line>
    <line>
      <![CDATA[Accept Popup]]>
    </line>
    <line>
      <![CDATA[Click on Home Button[[ChromeDriver: chrome on WINDOWS (99ed338b45f0e61266f30905d9a2c64c)] -> xpath: //button[contains(text(),'Home')]]]]>
    </line>
    <line>
      <![CDATA[Click on Customer Login Button [[ChromeDriver: chrome on WINDOWS (99ed338b45f0e61266f30905d9a2c64c)] -> xpath: //button[contains(text(),'Customer Login')]]]]>
    </line>
    <line>
      <![CDATA[Select Customer from dropdown menu]]>
    </line>
    <line>
      <![CDATA[Click on Login Button [[ChromeDriver: chrome on WINDOWS (99ed338b45f0e61266f30905d9a2c64c)] -> xpath: //button[contains(text(),'Login')]]]]>
    </line>
    <line>
      <![CDATA[To Verify Logout Button ]]>
    </line>
    <line>
      <![CDATA[Click on Logout Button[[ChromeDriver: chrome on WINDOWS (99ed338b45f0e61266f30905d9a2c64c)] -> xpath: //button[contains(text(),'Logout')]]]]>
    </line>
    <line>
      <![CDATA[To Verify Message  Your Name]]>
    </line>
    <line>
      <![CDATA[To obtain actual Message  Your Name :]]>
    </line>
    <line>
      <![CDATA[Click on Home Button[[ChromeDriver: chrome on WINDOWS (99ed338b45f0e61266f30905d9a2c64c)] -> xpath: //button[contains(text(),'Home')]]]]>
    </line>
  </reporter-output>
  <suite name="Smoke Suite" duration-ms="69206" started-at="2022-12-13T21:36:16 GMT" finished-at="2022-12-13T21:37:25 GMT">
    <groups>
      <group name="regression">
        <method signature="BankTest.customerShouldDepositMoneySuccessfully()[pri:0, instance:com.bank.testsuite.BankTest@eb21112]" name="customerShouldDepositMoneySuccessfully" class="com.bank.testsuite.BankTest"/>
        <method signature="BankTest.customerShouldLoginAndLogoutSuceessfully()[pri:0, instance:com.bank.testsuite.BankTest@eb21112]" name="customerShouldLoginAndLogoutSuceessfully" class="com.bank.testsuite.BankTest"/>
      </group> <!-- regression -->
      <group name="smoke">
        <method signature="BankTest.customerShouldDepositMoneySuccessfully()[pri:0, instance:com.bank.testsuite.BankTest@eb21112]" name="customerShouldDepositMoneySuccessfully" class="com.bank.testsuite.BankTest"/>
        <method signature="BankTest.customerShouldLoginAndLogoutSuceessfully()[pri:0, instance:com.bank.testsuite.BankTest@eb21112]" name="customerShouldLoginAndLogoutSuceessfully" class="com.bank.testsuite.BankTest"/>
      </group> <!-- smoke -->
    </groups>
    <test name="Smoke Test" duration-ms="69206" started-at="2022-12-13T21:36:16 GMT" finished-at="2022-12-13T21:37:25 GMT">
      <class name="com.bank.testsuite.BankTest">
        <test-method status="PASS" signature="setUp()[pri:0, instance:com.bank.testsuite.BankTest@eb21112]" name="setUp" is-config="true" duration-ms="18657" started-at="2022-12-13T21:36:18 GMT" finished-at="2022-12-13T21:36:36 GMT">
          <reporter-output>
          </reporter-output>
        </test-method> <!-- setUp -->
        <test-method status="PASS" signature="inIt()[pri:0, instance:com.bank.testsuite.BankTest@eb21112]" name="inIt" is-config="true" duration-ms="131" started-at="2022-12-13T21:36:36 GMT" finished-at="2022-12-13T21:36:36 GMT">
          <reporter-output>
          </reporter-output>
        </test-method> <!-- inIt -->
        <test-method status="PASS" signature="customerShouldDepositMoneySuccessfully()[pri:0, instance:com.bank.testsuite.BankTest@eb21112]" name="customerShouldDepositMoneySuccessfully" duration-ms="19404" started-at="2022-12-13T21:36:36 GMT" finished-at="2022-12-13T21:36:56 GMT">
          <reporter-output>
            <line>
              <![CDATA[Click on Bank Manager Login Button[[ChromeDriver: chrome on WINDOWS (e5d8d7749bf3422ac13c4accda9db2e4)] -> xpath: //button[contains(text(),'Bank Manager Login')]]]]>
            </line>
            <line>
              <![CDATA[Click on Add Customer Button[[ChromeDriver: chrome on WINDOWS (e5d8d7749bf3422ac13c4accda9db2e4)] -> xpath: //body/div[3]/div[1]/div[2]/div[1]/div[1]/button[1]]]]>
            </line>
            <line>
              <![CDATA[Send First Name [[ChromeDriver: chrome on WINDOWS (e5d8d7749bf3422ac13c4accda9db2e4)] -> xpath: //input[@placeholder='First Name']] To First Name Field[[ChromeDriver: chrome on WINDOWS (e5d8d7749bf3422ac13c4accda9db2e4)] -> xpath: //input[@placeholder='First Name']]]]>
            </line>
            <line>
              <![CDATA[Send Last Name [[ChromeDriver: chrome on WINDOWS (e5d8d7749bf3422ac13c4accda9db2e4)] -> xpath: //input[@placeholder='Last Name']] To Last Name Field[[ChromeDriver: chrome on WINDOWS (e5d8d7749bf3422ac13c4accda9db2e4)] -> xpath: //input[@placeholder='Last Name']]]]>
            </line>
            <line>
              <![CDATA[Send Postcode[[ChromeDriver: chrome on WINDOWS (e5d8d7749bf3422ac13c4accda9db2e4)] -> xpath: //input[@placeholder='Post Code']] To Postcode Field[[ChromeDriver: chrome on WINDOWS (e5d8d7749bf3422ac13c4accda9db2e4)] -> xpath: //input[@placeholder='Post Code']]]]>
            </line>
            <line>
              <![CDATA[Click on Add Customer Button [[ChromeDriver: chrome on WINDOWS (e5d8d7749bf3422ac13c4accda9db2e4)] -> xpath: //button[@type='submit']]]]>
            </line>
            <line>
              <![CDATA[Get Text From Popup : Customer added successfully with customer id :6]]>
            </line>
            <line>
              <![CDATA[Accept Popup]]>
            </line>
            <line>
              <![CDATA[Click on Home Button[[ChromeDriver: chrome on WINDOWS (e5d8d7749bf3422ac13c4accda9db2e4)] -> xpath: //button[contains(text(),'Home')]]]]>
            </line>
            <line>
              <![CDATA[Click on Bank Manager Login Button [[ChromeDriver: chrome on WINDOWS (e5d8d7749bf3422ac13c4accda9db2e4)] -> xpath: //button[contains(text(),'Bank Manager Login')]]]]>
            </line>
            <line>
              <![CDATA[Click on Open Account Button [[ChromeDriver: chrome on WINDOWS (e5d8d7749bf3422ac13c4accda9db2e4)] -> xpath: //button[@ng-click='openAccount()']]]]>
            </line>
            <line>
              <![CDATA[Search Customer : Jethalal Gada]]>
            </line>
            <line>
              <![CDATA[Select Currency : Pound]]>
            </line>
            <line>
              <![CDATA[Click on Process Button]]>
            </line>
            <line>
              <![CDATA[Get Text From Popup : Account created successfully with account Number :1016]]>
            </line>
            <line>
              <![CDATA[Accept Popup]]>
            </line>
            <line>
              <![CDATA[Click on Home Button[[ChromeDriver: chrome on WINDOWS (e5d8d7749bf3422ac13c4accda9db2e4)] -> xpath: //button[contains(text(),'Home')]]]]>
            </line>
            <line>
              <![CDATA[Click on Customer Login Button [[ChromeDriver: chrome on WINDOWS (e5d8d7749bf3422ac13c4accda9db2e4)] -> xpath: //button[contains(text(),'Customer Login')]]]]>
            </line>
            <line>
              <![CDATA[Select Customer from dropdown menu]]>
            </line>
            <line>
              <![CDATA[Click on Login Button [[ChromeDriver: chrome on WINDOWS (e5d8d7749bf3422ac13c4accda9db2e4)] -> xpath: //button[contains(text(),'Login')]]]]>
            </line>
            <line>
              <![CDATA[To Verify Logout Button ]]>
            </line>
            <line>
              <![CDATA[Click on Logout Button[[ChromeDriver: chrome on WINDOWS (e5d8d7749bf3422ac13c4accda9db2e4)] -> xpath: //button[contains(text(),'Logout')]]]]>
            </line>
            <line>
              <![CDATA[To Verify Message  Your Name]]>
            </line>
            <line>
              <![CDATA[To obtain actual Message  Your Name :]]>
            </line>
            <line>
              <![CDATA[Click on Home Button[[ChromeDriver: chrome on WINDOWS (e5d8d7749bf3422ac13c4accda9db2e4)] -> xpath: //button[contains(text(),'Home')]]]]>
            </line>
            <line>
              <![CDATA[Click on Customer Login Button [[ChromeDriver: chrome on WINDOWS (e5d8d7749bf3422ac13c4accda9db2e4)] -> xpath: //button[contains(text(),'Customer Login')]]]]>
            </line>
            <line>
              <![CDATA[Select Customer from dropdown menu]]>
            </line>
            <line>
              <![CDATA[Click on Login Button [[ChromeDriver: chrome on WINDOWS (e5d8d7749bf3422ac13c4accda9db2e4)] -> xpath: //button[contains(text(),'Login')]]]]>
            </line>
            <line>
              <![CDATA[Click on Deposit Tab[[ChromeDriver: chrome on WINDOWS (e5d8d7749bf3422ac13c4accda9db2e4)] -> xpath: //button[normalize-space()='Deposit']]]]>
            </line>
            <line>
              <![CDATA[Enter 100 Amount to Amount Field[[ChromeDriver: chrome on WINDOWS (e5d8d7749bf3422ac13c4accda9db2e4)] -> xpath: //input[@placeholder='amount']]]]>
            </line>
            <line>
              <![CDATA[Click on Deposit Button[[ChromeDriver: chrome on WINDOWS (e5d8d7749bf3422ac13c4accda9db2e4)] -> xpath: //button[@type='submit']]]]>
            </line>
            <line>
              <![CDATA[To Verify Message  Deposit Successful]]>
            </line>
            <line>
              <![CDATA[To obtain actual Message  Deposit Successful]]>
            </line>
          </reporter-output>
        </test-method> <!-- customerShouldDepositMoneySuccessfully -->
        <test-method status="PASS" signature="tearDown()[pri:0, instance:com.bank.testsuite.BankTest@eb21112]" name="tearDown" is-config="true" duration-ms="5862" started-at="2022-12-13T21:36:57 GMT" finished-at="2022-12-13T21:37:02 GMT">
          <reporter-output>
          </reporter-output>
        </test-method> <!-- tearDown -->
        <test-method status="PASS" signature="setUp()[pri:0, instance:com.bank.testsuite.BankTest@eb21112]" name="setUp" is-config="true" duration-ms="11150" started-at="2022-12-13T21:37:02 GMT" finished-at="2022-12-13T21:37:14 GMT">
          <reporter-output>
          </reporter-output>
        </test-method> <!-- setUp -->
        <test-method status="PASS" signature="inIt()[pri:0, instance:com.bank.testsuite.BankTest@eb21112]" name="inIt" is-config="true" duration-ms="5" started-at="2022-12-13T21:37:14 GMT" finished-at="2022-12-13T21:37:14 GMT">
          <reporter-output>
          </reporter-output>
        </test-method> <!-- inIt -->
        <test-method status="PASS" signature="customerShouldLoginAndLogoutSuceessfully()[pri:0, instance:com.bank.testsuite.BankTest@eb21112]" name="customerShouldLoginAndLogoutSuceessfully" duration-ms="9173" started-at="2022-12-13T21:37:14 GMT" finished-at="2022-12-13T21:37:23 GMT">
          <reporter-output>
            <line>
              <![CDATA[Click on Bank Manager Login Button[[ChromeDriver: chrome on WINDOWS (99ed338b45f0e61266f30905d9a2c64c)] -> xpath: //button[contains(text(),'Bank Manager Login')]]]]>
            </line>
            <line>
              <![CDATA[Click on Add Customer Button[[ChromeDriver: chrome on WINDOWS (99ed338b45f0e61266f30905d9a2c64c)] -> xpath: //body/div[3]/div[1]/div[2]/div[1]/div[1]/button[1]]]]>
            </line>
            <line>
              <![CDATA[Send First Name [[ChromeDriver: chrome on WINDOWS (99ed338b45f0e61266f30905d9a2c64c)] -> xpath: //input[@placeholder='First Name']] To First Name Field[[ChromeDriver: chrome on WINDOWS (99ed338b45f0e61266f30905d9a2c64c)] -> xpath: //input[@placeholder='First Name']]]]>
            </line>
            <line>
              <![CDATA[Send Last Name [[ChromeDriver: chrome on WINDOWS (99ed338b45f0e61266f30905d9a2c64c)] -> xpath: //input[@placeholder='Last Name']] To Last Name Field[[ChromeDriver: chrome on WINDOWS (99ed338b45f0e61266f30905d9a2c64c)] -> xpath: //input[@placeholder='Last Name']]]]>
            </line>
            <line>
              <![CDATA[Send Postcode[[ChromeDriver: chrome on WINDOWS (99ed338b45f0e61266f30905d9a2c64c)] -> xpath: //input[@placeholder='Post Code']] To Postcode Field[[ChromeDriver: chrome on WINDOWS (99ed338b45f0e61266f30905d9a2c64c)] -> xpath: //input[@placeholder='Post Code']]]]>
            </line>
            <line>
              <![CDATA[Click on Add Customer Button [[ChromeDriver: chrome on WINDOWS (99ed338b45f0e61266f30905d9a2c64c)] -> xpath: //button[@type='submit']]]]>
            </line>
            <line>
              <![CDATA[Get Text From Popup : Customer added successfully with customer id :6]]>
            </line>
            <line>
              <![CDATA[Accept Popup]]>
            </line>
            <line>
              <![CDATA[Click on Home Button[[ChromeDriver: chrome on WINDOWS (99ed338b45f0e61266f30905d9a2c64c)] -> xpath: //button[contains(text(),'Home')]]]]>
            </line>
            <line>
              <![CDATA[Click on Bank Manager Login Button [[ChromeDriver: chrome on WINDOWS (99ed338b45f0e61266f30905d9a2c64c)] -> xpath: //button[contains(text(),'Bank Manager Login')]]]]>
            </line>
            <line>
              <![CDATA[Click on Open Account Button [[ChromeDriver: chrome on WINDOWS (99ed338b45f0e61266f30905d9a2c64c)] -> xpath: //button[@ng-click='openAccount()']]]]>
            </line>
            <line>
              <![CDATA[Search Customer : Jethalal Gada]]>
            </line>
            <line>
              <![CDATA[Select Currency : Pound]]>
            </line>
            <line>
              <![CDATA[Click on Process Button]]>
            </line>
            <line>
              <![CDATA[Get Text From Popup : Account created successfully with account Number :1016]]>
            </line>
            <line>
              <![CDATA[Accept Popup]]>
            </line>
            <line>
              <![CDATA[Click on Home Button[[ChromeDriver: chrome on WINDOWS (99ed338b45f0e61266f30905d9a2c64c)] -> xpath: //button[contains(text(),'Home')]]]]>
            </line>
            <line>
              <![CDATA[Click on Customer Login Button [[ChromeDriver: chrome on WINDOWS (99ed338b45f0e61266f30905d9a2c64c)] -> xpath: //button[contains(text(),'Customer Login')]]]]>
            </line>
            <line>
              <![CDATA[Select Customer from dropdown menu]]>
            </line>
            <line>
              <![CDATA[Click on Login Button [[ChromeDriver: chrome on WINDOWS (99ed338b45f0e61266f30905d9a2c64c)] -> xpath: //button[contains(text(),'Login')]]]]>
            </line>
            <line>
              <![CDATA[To Verify Logout Button ]]>
            </line>
            <line>
              <![CDATA[Click on Logout Button[[ChromeDriver: chrome on WINDOWS (99ed338b45f0e61266f30905d9a2c64c)] -> xpath: //button[contains(text(),'Logout')]]]]>
            </line>
            <line>
              <![CDATA[To Verify Message  Your Name]]>
            </line>
            <line>
              <![CDATA[To obtain actual Message  Your Name :]]>
            </line>
            <line>
              <![CDATA[Click on Home Button[[ChromeDriver: chrome on WINDOWS (99ed338b45f0e61266f30905d9a2c64c)] -> xpath: //button[contains(text(),'Home')]]]]>
            </line>
          </reporter-output>
        </test-method> <!-- customerShouldLoginAndLogoutSuceessfully -->
        <test-method status="PASS" signature="tearDown()[pri:0, instance:com.bank.testsuite.BankTest@eb21112]" name="tearDown" is-config="true" duration-ms="2058" started-at="2022-12-13T21:37:23 GMT" finished-at="2022-12-13T21:37:25 GMT">
          <reporter-output>
          </reporter-output>
        </test-method> <!-- tearDown -->
      </class> <!-- com.bank.testsuite.BankTest -->
    </test> <!-- Smoke Test -->
  </suite> <!-- Smoke Suite -->
</testng-results>
